\BOOKMARK [1][-]{section.1}{Contest\040Setup}{}% 1
\BOOKMARK [2][-]{subsection.1.1}{vimrc}{section.1}% 2
\BOOKMARK [2][-]{subsection.1.2}{bashrc}{section.1}% 3
\BOOKMARK [2][-]{subsection.1.3}{C++\040template}{section.1}% 4
\BOOKMARK [2][-]{subsection.1.4}{Java\040template}{section.1}% 5
\BOOKMARK [1][-]{section.2}{Reminder}{}% 6
\BOOKMARK [1][-]{section.3}{Useful\040code}{}% 7
\BOOKMARK [2][-]{subsection.3.1}{Fast\040Exponentiation\040O\(log\(exp\)\)}{section.3}% 8
\BOOKMARK [2][-]{subsection.3.2}{GCD}{section.3}% 9
\BOOKMARK [2][-]{subsection.3.3}{Extended\040Euclidean\040Algorithm}{section.3}% 10
\BOOKMARK [2][-]{subsection.3.4}{Leap\040year}{section.3}% 11
\BOOKMARK [2][-]{subsection.3.5}{Prime\040Generator}{section.3}% 12
\BOOKMARK [2][-]{subsection.3.6}{STL\040quick\040reference}{section.3}% 13
\BOOKMARK [3][-]{subsubsection.3.6.1}{Map\040/\040Set}{subsection.3.6}% 14
\BOOKMARK [3][-]{subsubsection.3.6.2}{String}{subsection.3.6}% 15
\BOOKMARK [1][-]{section.4}{Search}{}% 16
\BOOKMARK [2][-]{subsection.4.1}{Binary\040Search}{section.4}% 17
\BOOKMARK [3][-]{subsubsection.4.1.1}{Find\040key}{subsection.4.1}% 18
\BOOKMARK [3][-]{subsubsection.4.1.2}{Upper\040/\040lower\040Bound}{subsection.4.1}% 19
\BOOKMARK [2][-]{subsection.4.2}{折半完全列舉}{section.4}% 20
\BOOKMARK [2][-]{subsection.4.3}{Two-pointer 爬行法}{section.4}% 21
\BOOKMARK [1][-]{section.5}{Basic\040data\040structure}{}% 22
\BOOKMARK [2][-]{subsection.5.1}{1D\040BIT}{section.5}% 23
\BOOKMARK [2][-]{subsection.5.2}{2D\040BIT}{section.5}% 24
\BOOKMARK [2][-]{subsection.5.3}{Union\040Find}{section.5}% 25
\BOOKMARK [2][-]{subsection.5.4}{Segment\040Tree}{section.5}% 26
\BOOKMARK [1][-]{section.6}{Dynamic\040Programming}{}% 27
\BOOKMARK [1][-]{section.7}{Tree}{}% 28
\BOOKMARK [2][-]{subsection.7.1}{LCA}{section.7}% 29
\BOOKMARK [1][-]{section.8}{Graph}{}% 30
\BOOKMARK [2][-]{subsection.8.1}{Articulation\040point\040/\040edge}{section.8}% 31
\BOOKMARK [2][-]{subsection.8.2}{BCC\040vertex}{section.8}% 32
\BOOKMARK [2][-]{subsection.8.3}{BCC\040edge}{section.8}% 33
\BOOKMARK [2][-]{subsection.8.4}{SCC}{section.8}% 34
\BOOKMARK [2][-]{subsection.8.5}{Shortest\040Path}{section.8}% 35
\BOOKMARK [3][-]{subsubsection.8.5.1}{Dijkatra}{subsection.8.5}% 36
\BOOKMARK [3][-]{subsubsection.8.5.2}{SPFA}{subsection.8.5}% 37
\BOOKMARK [3][-]{subsubsection.8.5.3}{Bellman-Ford}{subsection.8.5}% 38
\BOOKMARK [3][-]{subsubsection.8.5.4}{Floyd-Warshall}{subsection.8.5}% 39
\BOOKMARK [2][-]{subsection.8.6}{Flow}{section.8}% 40
\BOOKMARK [3][-]{subsubsection.8.6.1}{Max\040Flow\040\(Dinic\)}{subsection.8.6}% 41
\BOOKMARK [3][-]{subsubsection.8.6.2}{Min-Cut}{subsection.8.6}% 42
\BOOKMARK [3][-]{subsubsection.8.6.3}{Min\040Cost\040Max\040Flow}{subsection.8.6}% 43
\BOOKMARK [3][-]{subsubsection.8.6.4}{Maximum\040Bipartite\040Graph}{subsection.8.6}% 44
\BOOKMARK [1][-]{section.9}{String}{}% 45
\BOOKMARK [2][-]{subsection.9.1}{KMP}{section.9}% 46
\BOOKMARK [2][-]{subsection.9.2}{Z\040Algorithm}{section.9}% 47
\BOOKMARK [2][-]{subsection.9.3}{Trie}{section.9}% 48
\BOOKMARK [2][-]{subsection.9.4}{Suffix\040Array}{section.9}% 49
\BOOKMARK [1][-]{section.10}{Geometry}{}% 50
\BOOKMARK [2][-]{subsection.10.1}{Template}{section.10}% 51
\BOOKMARK [3][-]{subsubsection.10.1.1}{Point\040/\040Line}{subsection.10.1}% 52
\BOOKMARK [3][-]{subsubsection.10.1.2}{Intersection}{subsection.10.1}% 53
\BOOKMARK [2][-]{subsection.10.2}{Half-plane\040intersection}{section.10}% 54
\BOOKMARK [2][-]{subsection.10.3}{Convex\040Hull}{section.10}% 55
